*** Fatal Error ***
Address not mapped to object (signal 11)
Address: 0x7ffd39f20ff8

System: Linux cyb3rc001 5.4.0-53-generic #59-Ubuntu SMP Wed Oct 21 09:38:44 UTC 2020 x86_64 x86_64 x86_64 GNU/Linux

GZDoom version g4.4.2 (04e53b815f8c1653cc77d5b6b376d99f93110be6)
Command line: /opt/gzdoom/gzdoom -file .
Wad 0: gzdoom.pk3
Wad 1: game_support.pk3
Wad 2: Doom2.wad
Wad 3: 

Current map: map01

viewx = -150.444321
viewy = 721.740912
viewz = 98.120912
viewangle = 176.879883

Executing: gdb --quiet --batch --command=gdb-respfile-zf1Rdt
[New LWP 9154]
[New LWP 9155]
[New LWP 9156]
[New LWP 9160]
[New LWP 9163]
[New LWP 9164]
[New LWP 9165]
[New LWP 9168]
[New LWP 9169]
[New LWP 9170]
[New LWP 9171]
[New LWP 9172]
[New LWP 9173]
[New LWP 9174]
[New LWP 9179]
[New LWP 9180]
[Thread debugging using libthread_db enabled]
Using host libthread_db library "/lib/x86_64-linux-gnu/libthread_db.so.1".
0x00007fe22dd91dff in __GI___wait4 (pid=9182, stat_loc=0x55a93ba7f434, options=0, usage=0x0) at ../sysdeps/unix/sysv/linux/wait4.c:27

* Loaded Libraries
From                To                  Syms Read   Shared Object Library
0x00007fe22e5de640  0x00007fe22e6b21f2  Yes (*)     /lib/x86_64-linux-gnu/libSDL2-2.0.so.0
0x00007fe22e59bae0  0x00007fe22e5ab4d5  Yes         /lib/x86_64-linux-gnu/libpthread.so.0
0x00007fe22e587720  0x00007fe22e58ad70  Yes         /lib/x86_64-linux-gnu/librt.so.1
0x00007fe22e566280  0x00007fe22e576e2b  Yes (*)     /lib/x86_64-linux-gnu/libz.so.1
0x00007fe22e54e240  0x00007fe22e55aec6  Yes (*)     /lib/x86_64-linux-gnu/libbz2.so.1.0
0x00007fe22e545220  0x00007fe22e546179  Yes         /lib/x86_64-linux-gnu/libdl.so.2
0x00007fe22e091b10  0x00007fe22e1ec03c  Yes (*)     /opt/gzdoom/libzmusic.so.1
0x00007fe22defb3c0  0x00007fe22dfa1f28  Yes         /lib/x86_64-linux-gnu/libm.so.6
0x00007fe22dead6d0  0x00007fe22ded75d2  Yes (*)     /lib/x86_64-linux-gnu/libgomp.so.1
0x00007fe22dcd1630  0x00007fe22de4621f  Yes         /lib/x86_64-linux-gnu/libc.so.6
0x00007fe22e735100  0x00007fe22e7575e4  Yes (*)     /lib64/ld-linux-x86-64.so.2
0x00007fe22dbd7380  0x00007fe22dc64046  Yes (*)     /lib/x86_64-linux-gnu/libasound.so.2
0x00007fe22db61f60  0x00007fe22db8fab1  Yes (*)     /lib/x86_64-linux-gnu/libpulse.so.0
0x00007fe22da2d0c0  0x00007fe22dab65b6  Yes (*)     /lib/x86_64-linux-gnu/libX11.so.6
0x00007fe22da005e0  0x00007fe22da0a84e  Yes (*)     /lib/x86_64-linux-gnu/libXext.so.6
0x00007fe22d9ef660  0x00007fe22d9f4288  Yes (*)     /lib/x86_64-linux-gnu/libXcursor.so.1
0x00007fe22d9e50f0  0x00007fe22d9e5a31  Yes (*)     /lib/x86_64-linux-gnu/libXinerama.so.1
0x00007fe22d9ce460  0x00007fe22d9d8d1b  Yes (*)     /lib/x86_64-linux-gnu/libXi.so.6
0x00007fe22d9be360  0x00007fe22d9c46b9  Yes (*)     /lib/x86_64-linux-gnu/libXrandr.so.2
0x00007fe22d9b5140  0x00007fe22d9b5d5d  Yes (*)     /lib/x86_64-linux-gnu/libXss.so.1
0x00007fe22d9ad240  0x00007fe22d9af9f9  Yes (*)     /lib/x86_64-linux-gnu/libXxf86vm.so.1
0x00007fe22d9a5080  0x00007fe22d9a5219  Yes (*)     /lib/x86_64-linux-gnu/libwayland-egl.so.1
0x00007fe22d9915c0  0x00007fe22d996345  Yes (*)     /lib/x86_64-linux-gnu/libwayland-client.so.0
0x00007fe22d97e460  0x00007fe22d97fff7  Yes (*)     /lib/x86_64-linux-gnu/libwayland-cursor.so.0
0x00007fe22d938560  0x00007fe22d953703  Yes (*)     /lib/x86_64-linux-gnu/libxkbcommon.so.0
0x00007fe22d7ea1a0  0x00007fe22d8d1e32  Yes (*)     /lib/x86_64-linux-gnu/libstdc++.so.6
0x00007fe22d72f5e0  0x00007fe22d740045  Yes (*)     /lib/x86_64-linux-gnu/libgcc_s.so.1
0x00007fe22d6bf3c0  0x00007fe22d703f52  Yes (*)     /usr/lib/x86_64-linux-gnu/pulseaudio/libpulsecommon-13.99.so
0x00007fe22d65feb0  0x00007fe22d68c915  Yes (*)     /lib/x86_64-linux-gnu/libdbus-1.so.3
0x00007fe22d62f620  0x00007fe22d642699  Yes (*)     /lib/x86_64-linux-gnu/libxcb.so.1
0x00007fe22d415a60  0x00007fe22d41bab5  Yes (*)     /lib/x86_64-linux-gnu/libXrender.so.1
0x00007fe22d40e300  0x00007fe22d4106ea  Yes (*)     /lib/x86_64-linux-gnu/libXfixes.so.3
0x00007fe22d3fe230  0x00007fe22d403a46  Yes (*)     /lib/x86_64-linux-gnu/libffi.so.7
0x00007fe22d35cdf0  0x00007fe22d3ce940  Yes (*)     /lib/x86_64-linux-gnu/libsystemd.so.0
0x00007fe22d33fb20  0x00007fe22d34388c  Yes (*)     /lib/x86_64-linux-gnu/libwrap.so.0
0x00007fe22d2c3fa0  0x00007fe22d315ed5  Yes (*)     /lib/x86_64-linux-gnu/libsndfile.so.1
0x00007fe22d0b51d0  0x00007fe22d0b7848  Yes (*)     /lib/x86_64-linux-gnu/libasyncns.so.0
0x00007fe22d0ad360  0x00007fe22d0ae052  Yes (*)     /lib/x86_64-linux-gnu/libXau.so.6
0x00007fe22d0a61a0  0x00007fe22d0a7a03  Yes (*)     /lib/x86_64-linux-gnu/libXdmcp.so.6
0x00007fe22d0773c0  0x00007fe22d08e3a6  Yes (*)     /lib/x86_64-linux-gnu/liblzma.so.5
0x00007fe22d04e120  0x00007fe22d06788b  Yes (*)     /lib/x86_64-linux-gnu/liblz4.so.1
0x00007fe22cf38580  0x00007fe22d0059dc  Yes (*)     /lib/x86_64-linux-gnu/libgcrypt.so.20
0x00007fe22cf11d20  0x00007fe22cf20711  Yes         /lib/x86_64-linux-gnu/libnsl.so.1
0x00007fe22ced4800  0x00007fe22cefcc33  Yes (*)     /lib/x86_64-linux-gnu/libFLAC.so.8
0x00007fe22cebe480  0x00007fe22cec2539  Yes (*)     /lib/x86_64-linux-gnu/libogg.so.0
0x00007fe22ce8f480  0x00007fe22cea5c4d  Yes (*)     /lib/x86_64-linux-gnu/libvorbis.so.0
0x00007fe22cdf00c0  0x00007fe22cdf277e  Yes (*)     /lib/x86_64-linux-gnu/libvorbisenc.so.2
0x00007fe22cdc0720  0x00007fe22cdcf11c  Yes         /lib/x86_64-linux-gnu/libresolv.so.2
0x00007fe22cda0e40  0x00007fe22cdaee69  Yes (*)     /lib/x86_64-linux-gnu/libbsd.so.0
0x00007fe22cd78c60  0x00007fe22cd8aa92  Yes (*)     /lib/x86_64-linux-gnu/libgpg-error.so.0
0x00007fe22c529810  0x00007fe22c543b90  Yes (*)     /lib/x86_64-linux-gnu/libudev.so.1
0x00007fe22be02df0  0x00007fe22c15fe96  Yes (*)     /lib/x86_64-linux-gnu/libgtk-3.so.0
0x00007fe22bc942d0  0x00007fe22bd0e38b  Yes (*)     /lib/x86_64-linux-gnu/libgdk-3.so.0
0x00007fe22e725440  0x00007fe22e726323  Yes (*)     /lib/x86_64-linux-gnu/libgmodule-2.0.so.0
0x00007fe22bc52620  0x00007fe22bc58230  Yes (*)     /lib/x86_64-linux-gnu/libpangocairo-1.0.so.0
0x00007fe22bc40100  0x00007fe22bc4126d  Yes (*)     /lib/x86_64-linux-gnu/libcairo-gobject.so.2
0x00007fe22bb28cc0  0x00007fe22bbf4487  Yes (*)     /lib/x86_64-linux-gnu/libcairo.so.2
0x00007fe22baf3660  0x00007fe22bb08223  Yes (*)     /lib/x86_64-linux-gnu/libgdk_pixbuf-2.0.so.0
0x00007fe22bac7d40  0x00007fe22bad5a8f  Yes (*)     /lib/x86_64-linux-gnu/libatk-1.0.so.0
0x00007fe22ba92ff0  0x00007fe22baa8022  Yes (*)     /lib/x86_64-linux-gnu/libatk-bridge-2.0.so.0
0x00007fe22b9ac220  0x00007fe22ba1119e  Yes (*)     /lib/x86_64-linux-gnu/libepoxy.so.0
0x00007fe22b92e100  0x00007fe22b931026  Yes (*)     /lib/x86_64-linux-gnu/libfribidi.so.0
0x00007fe22b783280  0x00007fe22b88e0b6  Yes (*)     /lib/x86_64-linux-gnu/libgio-2.0.so.0
0x00007fe22b72cde0  0x00007fe22b735c1f  Yes (*)     /lib/x86_64-linux-gnu/libpangoft2-1.0.so.0
0x00007fe22b6e48c0  0x00007fe22b707d14  Yes (*)     /lib/x86_64-linux-gnu/libpango-1.0.so.0
0x00007fe22b682e40  0x00007fe22b6b7bee  Yes (*)     /lib/x86_64-linux-gnu/libgobject-2.0.so.0
0x00007fe22b561b40  0x00007fe22b5e3b62  Yes (*)     /lib/x86_64-linux-gnu/libglib-2.0.so.0
0x00007fe22b445c70  0x00007fe22b50c182  Yes (*)     /lib/x86_64-linux-gnu/libharfbuzz.so.0
0x00007fe22b3fbfc0  0x00007fe22b41f28e  Yes (*)     /lib/x86_64-linux-gnu/libfontconfig.so.1
0x00007fe22b340790  0x00007fe22b3bf205  Yes (*)     /lib/x86_64-linux-gnu/libfreetype.so.6
0x00007fe22e71d140  0x00007fe22e71db85  Yes (*)     /lib/x86_64-linux-gnu/libXcomposite.so.1
0x00007fe22b32d1a0  0x00007fe22b32db1b  Yes (*)     /lib/x86_64-linux-gnu/libXdamage.so.1
0x00007fe22b28e300  0x00007fe22b311384  Yes (*)     /lib/x86_64-linux-gnu/libpixman-1.so.0
0x00007fe22b251510  0x00007fe22b27529d  Yes (*)     /lib/x86_64-linux-gnu/libpng16.so.16
0x00007fe22b2450e0  0x00007fe22b245c37  Yes (*)     /lib/x86_64-linux-gnu/libxcb-shm.so.0
0x00007fe22b239120  0x00007fe22b23df52  Yes (*)     /lib/x86_64-linux-gnu/libxcb-render.so.0
0x00007fe22b20cb60  0x00007fe22b220b5c  Yes (*)     /lib/x86_64-linux-gnu/libatspi.so.0
0x00007fe22b1a8b80  0x00007fe22b1e4b52  Yes (*)     /lib/x86_64-linux-gnu/libmount.so.1
0x00007fe22b173040  0x00007fe22b18a4fd  Yes (*)     /lib/x86_64-linux-gnu/libselinux.so.1
0x00007fe22b15e320  0x00007fe22b161e87  Yes (*)     /lib/x86_64-linux-gnu/libthai.so.0
0x00007fe22b0e62a0  0x00007fe22b13686d  Yes (*)     /lib/x86_64-linux-gnu/libpcre.so.3
0x00007fe22b0b7280  0x00007fe22b0d8182  Yes (*)     /lib/x86_64-linux-gnu/libgraphite2.so.3
0x00007fe22b088230  0x00007fe22b0a34b7  Yes (*)     /lib/x86_64-linux-gnu/libexpat.so.1
0x00007fe22b076580  0x00007fe22b079f71  Yes (*)     /lib/x86_64-linux-gnu/libuuid.so.1
0x00007fe22b027680  0x00007fe22b05b252  Yes (*)     /lib/x86_64-linux-gnu/libblkid.so.1
0x00007fe22af8e2e0  0x00007fe22aff1d8e  Yes (*)     /lib/x86_64-linux-gnu/libpcre2-8.so.0
0x00007fe22af7e220  0x00007fe22af81730  Yes (*)     /lib/x86_64-linux-gnu/libdatrie.so.1
0x00007fe22c561510  0x00007fe22c567109  Yes (*)     /usr/lib/x86_64-linux-gnu/gio/modules/libdconfsettings.so
0x00007fe22a924ba0  0x00007fe22a9312bf  Yes (*)     /usr/lib/x86_64-linux-gnu/gio/modules/libgioremote-volume-monitor.so
0x00007fe22a8f0280  0x00007fe22a907b89  Yes (*)     /usr/lib/x86_64-linux-gnu/gvfs/libgvfscommon.so
0x00007fe2298aad90  0x00007fe2298c6382  Yes (*)     /usr/lib/x86_64-linux-gnu/gio/modules/libgvfsdbus.so
0x00007fe22984e4e0  0x00007fe229850584  Yes (*)     /usr/lib/x86_64-linux-gnu/gtk-3.0/modules/libcanberra-gtk-module.so
0x00007fe2298263f0  0x00007fe2298279e6  Yes (*)     /lib/x86_64-linux-gnu/libcanberra-gtk3.so.0
0x00007fe22980f3e0  0x00007fe229818a9a  Yes (*)     /lib/x86_64-linux-gnu/libcanberra.so.0
0x00007fe22978e690  0x00007fe229792be0  Yes (*)     /lib/x86_64-linux-gnu/libvorbisfile.so.3
0x00007fe229770860  0x00007fe22977d375  Yes (*)     /lib/x86_64-linux-gnu/libtdb.so.1
0x00007fe22975e4a0  0x00007fe2297627b6  Yes (*)     /lib/x86_64-linux-gnu/libltdl.so.7
0x00007fe2294964d0  0x00007fe22949964a  Yes (*)     /usr/lib/x86_64-linux-gnu/libcanberra-0.30/libcanberra-pulse.so
0x00007fe228b0f870  0x00007fe228b5c151  Yes (*)     /lib/x86_64-linux-gnu/libopenal.so.1
0x00007fe228c57590  0x00007fe228c5de67  Yes (*)     /lib/x86_64-linux-gnu/libsndio.so.7.0
0x00007fe228ac0600  0x00007fe228ae616b  Yes (*)     /lib/x86_64-linux-gnu/libjack.so.0
0x00007fe20b48f1c0  0x00007fe20b49201d  Yes (*)     /lib/x86_64-linux-gnu/libGL.so.1
0x00007fe20b3d4240  0x00007fe20b3d64eb  Yes (*)     /lib/x86_64-linux-gnu/libGLdispatch.so.0
0x00007fe20b35f700  0x00007fe20b37948c  Yes (*)     /lib/x86_64-linux-gnu/libGLX.so.0
0x00007fe20b2f6d60  0x00007fe20b339a42  Yes (*)     /lib/x86_64-linux-gnu/libGLX_mesa.so.0
0x00007fe20b2a81a0  0x00007fe20b2b5410  Yes (*)     /lib/x86_64-linux-gnu/libglapi.so.0
0x00007fe228020700  0x00007fe228029ad9  Yes (*)     /lib/x86_64-linux-gnu/libdrm.so.2
0x00007fe20b2870a0  0x00007fe20b28fb29  Yes (*)     /lib/x86_64-linux-gnu/libxcb-glx.so.0
0x00007fe228c4d040  0x00007fe228c4d11f  Yes (*)     /lib/x86_64-linux-gnu/libX11-xcb.so.1
0x00007fe2280160a0  0x00007fe228017309  Yes (*)     /lib/x86_64-linux-gnu/libxcb-dri2.so.0
0x00007fe22800e0e0  0x00007fe22800efd7  Yes (*)     /lib/x86_64-linux-gnu/libxcb-dri3.so.0
0x00007fe2280050a0  0x00007fe22800597a  Yes (*)     /lib/x86_64-linux-gnu/libxcb-present.so.0
0x00007fe20b26f100  0x00007fe20b271416  Yes (*)     /lib/x86_64-linux-gnu/libxcb-sync.so.1
0x00007fe20a2c4960  0x00007fe20a2c4c2c  Yes (*)     /lib/x86_64-linux-gnu/libxshmfence.so.1
0x00007fe208d39ff0  0x00007fe209a7cab2  Yes (*)     /usr/lib/x86_64-linux-gnu/dri/radeonsi_dri.so
0x00007fe1dfe72ca0  0x00007fe1e2275983  Yes (*)     /lib/x86_64-linux-gnu/libLLVM-10.so.1
0x00007fe208b98240  0x00007fe208c29d0a  Yes (*)     /lib/x86_64-linux-gnu/libzstd.so.1
0x00007fe20b257580  0x00007fe20b25df68  Yes (*)     /lib/x86_64-linux-gnu/libsensors.so.5
0x00007fe20b2462a0  0x00007fe20b24cb5d  Yes (*)     /lib/x86_64-linux-gnu/libdrm_radeon.so.1
0x00007fe208b77580  0x00007fe208b88105  Yes (*)     /lib/x86_64-linux-gnu/libelf.so.1
0x00007fe208b67740  0x00007fe208b6bdf1  Yes (*)     /lib/x86_64-linux-gnu/libdrm_amdgpu.so.1
0x00007fe208b563a0  0x00007fe208b5a0ae  Yes (*)     /lib/x86_64-linux-gnu/libdrm_nouveau.so.2
0x00007fe208b0b6c0  0x00007fe208b3cf16  Yes (*)     /lib/x86_64-linux-gnu/libvulkan.so.1
0x00007fe208accfb0  0x00007fe208ae6f24  Yes (*)     /lib/x86_64-linux-gnu/libedit.so.2
0x00007fe208aa26a0  0x00007fe208ab017c  Yes (*)     /lib/x86_64-linux-gnu/libtinfo.so.6
0x00007fe208a7f5c0  0x00007fe208a85a1c  Yes         /lib/x86_64-linux-gnu/libnss_files.so.2
(*): Shared library is missing debugging information.

* Threads
  Id   Target Id                                        Frame 
* 1    Thread 0x7fe22e582e40 (LWP 9153) "gzdoom"        0x00007fe22dd91dff in __GI___wait4 (pid=9182, stat_loc=0x55a93ba7f434, options=0, usage=0x0) at ../sysdeps/unix/sysv/linux/wait4.c:27
  2    Thread 0x7fe22cd73700 (LWP 9154) "gzdoom"        futex_wait_cancelable (private=<optimized out>, expected=0, futex_word=0x55a93bbbc1c4 <renderPool+260>) at ../sysdeps/nptl/futex-internal.h:183
  3    Thread 0x7fe22a8db700 (LWP 9155) "gmain"         0x00007fe22ddc1aff in __GI___poll (fds=0x55a93ccc8590, nfds=1, timeout=-1) at ../sysdeps/unix/sysv/linux/poll.c:29
  4    Thread 0x7fe22a0da700 (LWP 9156) "gdbus"         0x00007fe22ddc1aff in __GI___poll (fds=0x55a93ccc9f40, nfds=2, timeout=-1) at ../sysdeps/unix/sysv/linux/poll.c:29
  5    Thread 0x7fe22948b700 (LWP 9160) "threaded-ml"   0x00007fe22ddc1aff in __GI___poll (fds=0x7fe220007170, nfds=3, timeout=-1) at ../sysdeps/unix/sysv/linux/poll.c:29
  6    Thread 0x7fe228a32700 (LWP 9163) "threaded-ml"   0x00007fe22ddc1aff in __GI___poll (fds=0x7fe204002a40, nfds=3, timeout=1421) at ../sysdeps/unix/sysv/linux/poll.c:29
  7    Thread 0x7fe228231700 (LWP 9164) "gzdoom"        futex_wait_cancelable (private=<optimized out>, expected=0, futex_word=0x55a93d7e4d78) at ../sysdeps/nptl/futex-internal.h:183
  8    Thread 0x7fe20b7d4700 (LWP 9165) "gzdoom"        futex_abstimed_wait_cancelable (private=0, abstime=0x0, clockid=0, expected=0, futex_word=0x55a93d4439a0) at ../sysdeps/nptl/futex-internal.h:320
  9    Thread 0x7fe20accb700 (LWP 9168) "gzdoom:cs0"    futex_wait_cancelable (private=<optimized out>, expected=0, futex_word=0x55a943f7e138) at ../sysdeps/nptl/futex-internal.h:183
  10   Thread 0x7fe208933700 (LWP 9169) "gzdoom:disk$0" futex_wait_cancelable (private=<optimized out>, expected=0, futex_word=0x55a93d4f8e08) at ../sysdeps/nptl/futex-internal.h:183
  11   Thread 0x7fe1f3ffb700 (LWP 9170) "gzdoom:disk$1" futex_wait_cancelable (private=<optimized out>, expected=0, futex_word=0x55a93d4f8e08) at ../sysdeps/nptl/futex-internal.h:183
  12   Thread 0x7fe1f37fa700 (LWP 9171) "gzdoom:disk$2" futex_wait_cancelable (private=<optimized out>, expected=0, futex_word=0x55a93d4f8e08) at ../sysdeps/nptl/futex-internal.h:183
  13   Thread 0x7fe1f2ff9700 (LWP 9172) "gzdoom:disk$3" futex_wait_cancelable (private=<optimized out>, expected=0, futex_word=0x55a93d4f8e08) at ../sysdeps/nptl/futex-internal.h:183
  14   Thread 0x7fe1f27f8700 (LWP 9173) "gzdoom:sh0"    futex_wait_cancelable (private=<optimized out>, expected=0, futex_word=0x55a943122a00) at ../sysdeps/nptl/futex-internal.h:183
  15   Thread 0x7fe1f1ff7700 (LWP 9174) "gzdoom:shlo0"  futex_wait_cancelable (private=<optimized out>, expected=0, futex_word=0x55a94312310c) at ../sysdeps/nptl/futex-internal.h:183
  16   Thread 0x7fe1f13f3700 (LWP 9179) "gzdoom:gdrv0"  futex_wait_cancelable (private=<optimized out>, expected=0, futex_word=0x55a9430fbbdc) at ../sysdeps/nptl/futex-internal.h:183
  17   Thread 0x7fe1dcfe8700 (LWP 9180) "gzdoom"        futex_abstimed_wait_cancelable (private=<optimized out>, abstime=0x7fe1dcfe7cd0, clockid=<optimized out>, expected=0, futex_word=0x55a93d3439b4) at ../sysdeps/nptl/futex-internal.h:320

* FPU Status
  R7: Empty   0x00000000000000000000
  R6: Empty   0x00000000000000000000
  R5: Empty   0x00000000000000000000
  R4: Empty   0x00000000000000000000
  R3: Empty   0x00000000000000000000
  R2: Empty   0x00000000000000000000
  R1: Empty   0x00000000000000000000
=>R0: Empty   0x00000000000000000000

Status Word:         0x0000                                            
                       TOP: 0
Control Word:        0x037f   IM DM ZM OM UM PM
                       PC: Extended Precision (64-bits)
                       RC: Round to nearest
Tag Word:            0xffff
Instruction Pointer: 0x00:0x00000000
Operand Pointer:     0x00:0x00000000
Opcode:              0x0000

* Registers
rax            0xfffffffffffffe00  -512
rbx            0x23de              9182
rcx            0x7fe22dd91dff      140609408540159
rdx            0x0                 0
rsi            0x55a93ba7f434      94185338696756
rdi            0x23de              9182
rbp            0xb                 0xb
rsp            0x55a93ba7f400      0x55a93ba7f400
r8             0x0                 0
r9             0x0                 0
r10            0x0                 0
r11            0x200293            2097811
r12            0x55a93ba7f434      94185338696756
r13            0x55a93ba7c920      94185338685728
r14            0x24                36
r15            0x1090              4240
rip            0x7fe22dd91dff      0x7fe22dd91dff <__GI___wait4+95>
eflags         0x200293            [ CF AF SF IF ID ]
cs             0x33                51
ss             0x2b                43
ds             0x0                 0
es             0x0                 0
fs             0x0                 0
gs             0x0                 0

* Backtrace

Thread 17 (Thread 0x7fe1dcfe8700 (LWP 9180)):
#0  futex_abstimed_wait_cancelable (private=<optimized out>, abstime=0x7fe1dcfe7cd0, clockid=<optimized out>, expected=0, futex_word=0x55a93d3439b4) at ../sysdeps/nptl/futex-internal.h:320
        __ret = -516
        __ret = <optimized out>
        oldtype = 0
        err = <optimized out>
        spin = 0
        buffer = {__routine = 0x7fe22e5a4050 <__condvar_cleanup_waiting>, __arg = 0x7fe1dcfe7c30, __canceltype = 0, __prev = 0x0}
        cbuffer = {wseq = 117, cond = 0x55a93d343988, mutex = 0x55a93d343960, private = 0}
        err = <optimized out>
        g = 1
        flags = <optimized out>
        g1_start = <optimized out>
        maxspin = 0
        signals = <optimized out>
        result = 0
        wseq = 117
        seq = 58
        flags = <optimized out>
        clockid = <optimized out>
#1  __pthread_cond_wait_common (abstime=0x7fe1dcfe7cd0, clockid=<optimized out>, mutex=0x55a93d343960, cond=0x55a93d343988) at pthread_cond_wait.c:520
        spin = 0
        buffer = {__routine = 0x7fe22e5a4050 <__condvar_cleanup_waiting>, __arg = 0x7fe1dcfe7c30, __canceltype = 0, __prev = 0x0}
        cbuffer = {wseq = 117, cond = 0x55a93d343988, mutex = 0x55a93d343960, private = 0}
        err = <optimized out>
        g = 1
        flags = <optimized out>
        g1_start = <optimized out>
        maxspin = 0
        signals = <optimized out>
        result = 0
        wseq = 117
        seq = 58
        flags = <optimized out>
        clockid = <optimized out>
#2  __pthread_cond_timedwait (cond=0x55a93d343988, mutex=0x55a93d343960, abstime=0x7fe1dcfe7cd0) at pthread_cond_wait.c:656
        flags = <optimized out>
        clockid = <optimized out>
#3  0x000055a93b1e80e6 in OpenALSoundRenderer::BackgroundProc() ()
#4  0x000055a93b6081c0 in  ()
#5  0x00007fe22e59d609 in start_thread (arg=<optimized out>) at pthread_create.c:477
        ret = <optimized out>
        pd = <optimized out>
        unwind_buf = {cancel_jmp_buf = {{jmp_buf = {140608052037376, 5204489510754195409, 140725583992318, 140725583992319, 140725583992320, 140608052035072, -5189916579260786735, -5188618388093397039}, mask_was_saved = 0}}, priv = {pad = {0x0, 0x0, 0x0, 0x0}, data = {prev = 0x0, cleanup = 0x0, canceltype = 0}}}
        not_first_call = 0
#6  0x00007fe22ddce293 in clone () at ../sysdeps/unix/sysv/linux/x86_64/clone.S:95

Thread 16 (Thread 0x7fe1f13f3700 (LWP 9179)):
#0  futex_wait_cancelable (private=<optimized out>, expected=0, futex_word=0x55a9430fbbdc) at ../sysdeps/nptl/futex-internal.h:183
        __ret = -512
        oldtype = 0
        err = <optimized out>
        spin = 0
        buffer = {__routine = 0x7fe22e5a4050 <__condvar_cleanup_waiting>, __arg = 0x7fe1f13f2bb0, __canceltype = 1125153984, __prev = 0x0}
        cbuffer = {wseq = 3195, cond = 0x55a9430fbbb0, mutex = 0x55a9430fbb88, private = 0}
        err = <optimized out>
        g = 1
        flags = <optimized out>
        g1_start = <optimized out>
        signals = <optimized out>
        result = 0
        wseq = 3195
        seq = 1597
#1  __pthread_cond_wait_common (abstime=0x0, clockid=0, mutex=0x55a9430fbb88, cond=0x55a9430fbbb0) at pthread_cond_wait.c:508
        spin = 0
        buffer = {__routine = 0x7fe22e5a4050 <__condvar_cleanup_waiting>, __arg = 0x7fe1f13f2bb0, __canceltype = 1125153984, __prev = 0x0}
        cbuffer = {wseq = 3195, cond = 0x55a9430fbbb0, mutex = 0x55a9430fbb88, private = 0}
        err = <optimized out>
        g = 1
        flags = <optimized out>
        g1_start = <optimized out>
        signals = <optimized out>
        result = 0
        wseq = 3195
        seq = 1597
#2  __pthread_cond_wait (cond=0x55a9430fbbb0, mutex=0x55a9430fbb88) at pthread_cond_wait.c:638
#3  0x00007fe2090c062b in  () at /usr/lib/x86_64-linux-gnu/dri/radeonsi_dri.so
#4  0x00007fe2090c023b in  () at /usr/lib/x86_64-linux-gnu/dri/radeonsi_dri.so
#5  0x00007fe22e59d609 in start_thread (arg=<optimized out>) at pthread_create.c:477
        ret = <optimized out>
        pd = <optimized out>
        unwind_buf = {cancel_jmp_buf = {{jmp_buf = {140608391821056, 5204489510754195409, 140725583990318, 140725583990319, 140725583990320, 140608391818752, -5189855562271025199, -5188618388093397039}, mask_was_saved = 0}}, priv = {pad = {0x0, 0x0, 0x0, 0x0}, data = {prev = 0x0, cleanup = 0x0, canceltype = 0}}}
        not_first_call = 0
#6  0x00007fe22ddce293 in clone () at ../sysdeps/unix/sysv/linux/x86_64/clone.S:95

Thread 15 (Thread 0x7fe1f1ff7700 (LWP 9174)):
#0  futex_wait_cancelable (private=<optimized out>, expected=0, futex_word=0x55a94312310c) at ../sysdeps/nptl/futex-internal.h:183
        __ret = -512
        oldtype = 0
        err = <optimized out>
        spin = 0
        buffer = {__routine = 0x7fe22e5a4050 <__condvar_cleanup_waiting>, __arg = 0x7fe1f1ff6bb0, __canceltype = 40448, __prev = 0x0}
        cbuffer = {wseq = 7, cond = 0x55a9431230e0, mutex = 0x55a9431230b8, private = 0}
        err = <optimized out>
        g = 1
        flags = <optimized out>
        g1_start = <optimized out>
        signals = <optimized out>
        result = 0
        wseq = 7
        seq = 3
#1  __pthread_cond_wait_common (abstime=0x0, clockid=0, mutex=0x55a9431230b8, cond=0x55a9431230e0) at pthread_cond_wait.c:508
        spin = 0
        buffer = {__routine = 0x7fe22e5a4050 <__condvar_cleanup_waiting>, __arg = 0x7fe1f1ff6bb0, __canceltype = 40448, __prev = 0x0}
        cbuffer = {wseq = 7, cond = 0x55a9431230e0, mutex = 0x55a9431230b8, private = 0}
        err = <optimized out>
        g = 1
        flags = <optimized out>
        g1_start = <optimized out>
        signals = <optimized out>
        result = 0
        wseq = 7
        seq = 3
#2  __pthread_cond_wait (cond=0x55a9431230e0, mutex=0x55a9431230b8) at pthread_cond_wait.c:638
#3  0x00007fe2090c062b in  () at /usr/lib/x86_64-linux-gnu/dri/radeonsi_dri.so
#4  0x00007fe2090c023b in  () at /usr/lib/x86_64-linux-gnu/dri/radeonsi_dri.so
#5  0x00007fe22e59d609 in start_thread (arg=<optimized out>) at pthread_create.c:477
        ret = <optimized out>
        pd = <optimized out>
        unwind_buf = {cancel_jmp_buf = {{jmp_buf = {140608404420352, 5204489510754195409, 140725583987918, 140725583987919, 140725583987920, 140608404418048, -5189857213685950511, -5188618388093397039}, mask_was_saved = 0}}, priv = {pad = {0x0, 0x0, 0x0, 0x0}, data = {prev = 0x0, cleanup = 0x0, canceltype = 0}}}
        not_first_call = 0
#6  0x00007fe22ddce293 in clone () at ../sysdeps/unix/sysv/linux/x86_64/clone.S:95

Thread 14 (Thread 0x7fe1f27f8700 (LWP 9173)):
#0  futex_wait_cancelable (private=<optimized out>, expected=0, futex_word=0x55a943122a00) at ../sysdeps/nptl/futex-internal.h:183
        __ret = -512
        oldtype = 0
        err = <optimized out>
        spin = 0
        buffer = {__routine = 0x7fe22e5a4050 <__condvar_cleanup_waiting>, __arg = 0x7fe1f27f7bb0, __canceltype = 0, __prev = 0x0}
        cbuffer = {wseq = 60, cond = 0x55a9431229d8, mutex = 0x55a9431229b0, private = 0}
        err = <optimized out>
        g = 0
        flags = <optimized out>
        g1_start = <optimized out>
        signals = <optimized out>
        result = 0
        wseq = 60
        seq = 30
#1  __pthread_cond_wait_common (abstime=0x0, clockid=0, mutex=0x55a9431229b0, cond=0x55a9431229d8) at pthread_cond_wait.c:508
        spin = 0
        buffer = {__routine = 0x7fe22e5a4050 <__condvar_cleanup_waiting>, __arg = 0x7fe1f27f7bb0, __canceltype = 0, __prev = 0x0}
        cbuffer = {wseq = 60, cond = 0x55a9431229d8, mutex = 0x55a9431229b0, private = 0}
        err = <optimized out>
        g = 0
        flags = <optimized out>
        g1_start = <optimized out>
        signals = <optimized out>
        result = 0
        wseq = 60
        seq = 30
#2  __pthread_cond_wait (cond=0x55a9431229d8, mutex=0x55a9431229b0) at pthread_cond_wait.c:638
#3  0x00007fe2090c062b in  () at /usr/lib/x86_64-linux-gnu/dri/radeonsi_dri.so
#4  0x00007fe2090c023b in  () at /usr/lib/x86_64-linux-gnu/dri/radeonsi_dri.so
#5  0x00007fe22e59d609 in start_thread (arg=<optimized out>) at pthread_create.c:477
        ret = <optimized out>
        pd = <optimized out>
        unwind_buf = {cancel_jmp_buf = {{jmp_buf = {140608412813056, 5204489510754195409, 140725583987918, 140725583987919, 140725583987920, 140608412810752, -5189858313734449199, -5188618388093397039}, mask_was_saved = 0}}, priv = {pad = {0x0, 0x0, 0x0, 0x0}, data = {prev = 0x0, cleanup = 0x0, canceltype = 0}}}
        not_first_call = 0
#6  0x00007fe22ddce293 in clone () at ../sysdeps/unix/sysv/linux/x86_64/clone.S:95

Thread 13 (Thread 0x7fe1f2ff9700 (LWP 9172)):
#0  futex_wait_cancelable (private=<optimized out>, expected=0, futex_word=0x55a93d4f8e08) at ../sysdeps/nptl/futex-internal.h:183
        __ret = -512
        oldtype = 0
        err = <optimized out>
        spin = 0
        buffer = {__routine = 0x7fe22e5a4050 <__condvar_cleanup_waiting>, __arg = 0x7fe1f2ff8bb0, __canceltype = 0, __prev = 0x0}
        cbuffer = {wseq = 6, cond = 0x55a93d4f8de0, mutex = 0x55a93d4f8db8, private = 0}
        err = <optimized out>
        g = 0
        flags = <optimized out>
        g1_start = <optimized out>
        signals = <optimized out>
        result = 0
        wseq = 6
        seq = 3
#1  __pthread_cond_wait_common (abstime=0x0, clockid=0, mutex=0x55a93d4f8db8, cond=0x55a93d4f8de0) at pthread_cond_wait.c:508
        spin = 0
        buffer = {__routine = 0x7fe22e5a4050 <__condvar_cleanup_waiting>, __arg = 0x7fe1f2ff8bb0, __canceltype = 0, __prev = 0x0}
        cbuffer = {wseq = 6, cond = 0x55a93d4f8de0, mutex = 0x55a93d4f8db8, private = 0}
        err = <optimized out>
        g = 0
        flags = <optimized out>
        g1_start = <optimized out>
        signals = <optimized out>
        result = 0
        wseq = 6
        seq = 3
#2  __pthread_cond_wait (cond=0x55a93d4f8de0, mutex=0x55a93d4f8db8) at pthread_cond_wait.c:638
#3  0x00007fe2090c062b in  () at /usr/lib/x86_64-linux-gnu/dri/radeonsi_dri.so
#4  0x00007fe2090c023b in  () at /usr/lib/x86_64-linux-gnu/dri/radeonsi_dri.so
#5  0x00007fe22e59d609 in start_thread (arg=<optimized out>) at pthread_create.c:477
        ret = <optimized out>
        pd = <optimized out>
        unwind_buf = {cancel_jmp_buf = {{jmp_buf = {140608421205760, 5204489510754195409, 140725583987166, 140725583987167, 140725583987168, 140608421203456, -5189859407340496943, -5188618388093397039}, mask_was_saved = 0}}, priv = {pad = {0x0, 0x0, 0x0, 0x0}, data = {prev = 0x0, cleanup = 0x0, canceltype = 0}}}
        not_first_call = 0
#6  0x00007fe22ddce293 in clone () at ../sysdeps/unix/sysv/linux/x86_64/clone.S:95

Thread 12 (Thread 0x7fe1f37fa700 (LWP 9171)):
#0  futex_wait_cancelable (private=<optimized out>, expected=0, futex_word=0x55a93d4f8e08) at ../sysdeps/nptl/futex-internal.h:183
        __ret = -512
        oldtype = 0
        err = <optimized out>
        spin = 0
        buffer = {__routine = 0x7fe22e5a4050 <__condvar_cleanup_waiting>, __arg = 0x7fe1f37f9bb0, __canceltype = 0, __prev = 0x0}
        cbuffer = {wseq = 2, cond = 0x55a93d4f8de0, mutex = 0x55a93d4f8db8, private = 0}
        err = <optimized out>
        g = 0
        flags = <optimized out>
        g1_start = <optimized out>
        signals = <optimized out>
        result = 0
        wseq = 2
        seq = 1
#1  __pthread_cond_wait_common (abstime=0x0, clockid=0, mutex=0x55a93d4f8db8, cond=0x55a93d4f8de0) at pthread_cond_wait.c:508
        spin = 0
        buffer = {__routine = 0x7fe22e5a4050 <__condvar_cleanup_waiting>, __arg = 0x7fe1f37f9bb0, __canceltype = 0, __prev = 0x0}
        cbuffer = {wseq = 2, cond = 0x55a93d4f8de0, mutex = 0x55a93d4f8db8, private = 0}
        err = <optimized out>
        g = 0
        flags = <optimized out>
        g1_start = <optimized out>
        signals = <optimized out>
        result = 0
        wseq = 2
        seq = 1
#2  __pthread_cond_wait (cond=0x55a93d4f8de0, mutex=0x55a93d4f8db8) at pthread_cond_wait.c:638
#3  0x00007fe2090c062b in  () at /usr/lib/x86_64-linux-gnu/dri/radeonsi_dri.so
#4  0x00007fe2090c023b in  () at /usr/lib/x86_64-linux-gnu/dri/radeonsi_dri.so
#5  0x00007fe22e59d609 in start_thread (arg=<optimized out>) at pthread_create.c:477
        ret = <optimized out>
        pd = <optimized out>
        unwind_buf = {cancel_jmp_buf = {{jmp_buf = {140608429598464, 5204489510754195409, 140725583987166, 140725583987167, 140725583987168, 140608429596160, -5189860507388995631, -5188618388093397039}, mask_was_saved = 0}}, priv = {pad = {0x0, 0x0, 0x0, 0x0}, data = {prev = 0x0, cleanup = 0x0, canceltype = 0}}}
        not_first_call = 0
#6  0x00007fe22ddce293 in clone () at ../sysdeps/unix/sysv/linux/x86_64/clone.S:95

Thread 11 (Thread 0x7fe1f3ffb700 (LWP 9170)):
#0  futex_wait_cancelable (private=<optimized out>, expected=0, futex_word=0x55a93d4f8e08) at ../sysdeps/nptl/futex-internal.h:183
        __ret = -512
        oldtype = 0
        err = <optimized out>
        spin = 0
        buffer = {__routine = 0x7fe22e5a4050 <__condvar_cleanup_waiting>, __arg = 0x7fe1f3ffabb0, __canceltype = 0, __prev = 0x0}
        cbuffer = {wseq = 4, cond = 0x55a93d4f8de0, mutex = 0x55a93d4f8db8, private = 0}
        err = <optimized out>
        g = 0
        flags = <optimized out>
        g1_start = <optimized out>
        signals = <optimized out>
        result = 0
        wseq = 4
        seq = 2
#1  __pthread_cond_wait_common (abstime=0x0, clockid=0, mutex=0x55a93d4f8db8, cond=0x55a93d4f8de0) at pthread_cond_wait.c:508
        spin = 0
        buffer = {__routine = 0x7fe22e5a4050 <__condvar_cleanup_waiting>, __arg = 0x7fe1f3ffabb0, __canceltype = 0, __prev = 0x0}
        cbuffer = {wseq = 4, cond = 0x55a93d4f8de0, mutex = 0x55a93d4f8db8, private = 0}
        err = <optimized out>
        g = 0
        flags = <optimized out>
        g1_start = <optimized out>
        signals = <optimized out>
        result = 0
        wseq = 4
        seq = 2
#2  __pthread_cond_wait (cond=0x55a93d4f8de0, mutex=0x55a93d4f8db8) at pthread_cond_wait.c:638
#3  0x00007fe2090c062b in  () at /usr/lib/x86_64-linux-gnu/dri/radeonsi_dri.so
#4  0x00007fe2090c023b in  () at /usr/lib/x86_64-linux-gnu/dri/radeonsi_dri.so
#5  0x00007fe22e59d609 in start_thread (arg=<optimized out>) at pthread_create.c:477
        ret = <optimized out>
        pd = <optimized out>
        unwind_buf = {cancel_jmp_buf = {{jmp_buf = {140608437991168, 5204489510754195409, 140725583987166, 140725583987167, 140725583987168, 140608437988864, -5189861605290010671, -5188618388093397039}, mask_was_saved = 0}}, priv = {pad = {0x0, 0x0, 0x0, 0x0}, data = {prev = 0x0, cleanup = 0x0, canceltype = 0}}}
        not_first_call = 0
#6  0x00007fe22ddce293 in clone () at ../sysdeps/unix/sysv/linux/x86_64/clone.S:95

Thread 10 (Thread 0x7fe208933700 (LWP 9169)):
#0  futex_wait_cancelable (private=<optimized out>, expected=0, futex_word=0x55a93d4f8e08) at ../sysdeps/nptl/futex-internal.h:183
        __ret = -512
        oldtype = 0
        err = <optimized out>
        spin = 0
        buffer = {__routine = 0x7fe22e5a4050 <__condvar_cleanup_waiting>, __arg = 0x7fe208932bb0, __canceltype = 0, __prev = 0x0}
        cbuffer = {wseq = 0, cond = 0x55a93d4f8de0, mutex = 0x55a93d4f8db8, private = 0}
        err = <optimized out>
        g = 0
        flags = <optimized out>
        g1_start = <optimized out>
        signals = <optimized out>
        result = 0
        wseq = 0
        seq = 0
#1  __pthread_cond_wait_common (abstime=0x0, clockid=0, mutex=0x55a93d4f8db8, cond=0x55a93d4f8de0) at pthread_cond_wait.c:508
        spin = 0
        buffer = {__routine = 0x7fe22e5a4050 <__condvar_cleanup_waiting>, __arg = 0x7fe208932bb0, __canceltype = 0, __prev = 0x0}
        cbuffer = {wseq = 0, cond = 0x55a93d4f8de0, mutex = 0x55a93d4f8db8, private = 0}
        err = <optimized out>
        g = 0
        flags = <optimized out>
        g1_start = <optimized out>
        signals = <optimized out>
        result = 0
        wseq = 0
        seq = 0
#2  __pthread_cond_wait (cond=0x55a93d4f8de0, mutex=0x55a93d4f8db8) at pthread_cond_wait.c:638
#3  0x00007fe2090c062b in  () at /usr/lib/x86_64-linux-gnu/dri/radeonsi_dri.so
#4  0x00007fe2090c023b in  () at /usr/lib/x86_64-linux-gnu/dri/radeonsi_dri.so
#5  0x00007fe22e59d609 in start_thread (arg=<optimized out>) at pthread_create.c:477
        ret = <optimized out>
        pd = <optimized out>
        unwind_buf = {cancel_jmp_buf = {{jmp_buf = {140608783202048, 5204489510754195409, 140725583987166, 140725583987167, 140725583987168, 140608783199744, -5188676164251543599, -5188618388093397039}, mask_was_saved = 0}}, priv = {pad = {0x0, 0x0, 0x0, 0x0}, data = {prev = 0x0, cleanup = 0x0, canceltype = 0}}}
        not_first_call = 0
#6  0x00007fe22ddce293 in clone () at ../sysdeps/unix/sysv/linux/x86_64/clone.S:95

Thread 9 (Thread 0x7fe20accb700 (LWP 9168)):
#0  futex_wait_cancelable (private=<optimized out>, expected=0, futex_word=0x55a943f7e138) at ../sysdeps/nptl/futex-internal.h:183
        __ret = -512
        oldtype = 0
        err = <optimized out>
        spin = 0
        buffer = {__routine = 0x7fe22e5a4050 <__condvar_cleanup_waiting>, __arg = 0x7fe20accabb0, __canceltype = 1, __prev = 0x0}
        cbuffer = {wseq = 944, cond = 0x55a943f7e110, mutex = 0x55a943f7e0e8, private = 0}
        err = <optimized out>
        g = 0
        flags = <optimized out>
        g1_start = <optimized out>
        signals = <optimized out>
        result = 0
        wseq = 944
        seq = 472
#1  __pthread_cond_wait_common (abstime=0x0, clockid=0, mutex=0x55a943f7e0e8, cond=0x55a943f7e110) at pthread_cond_wait.c:508
        spin = 0
        buffer = {__routine = 0x7fe22e5a4050 <__condvar_cleanup_waiting>, __arg = 0x7fe20accabb0, __canceltype = 1, __prev = 0x0}
        cbuffer = {wseq = 944, cond = 0x55a943f7e110, mutex = 0x55a943f7e0e8, private = 0}
        err = <optimized out>
        g = 0
        flags = <optimized out>
        g1_start = <optimized out>
        signals = <optimized out>
        result = 0
        wseq = 944
        seq = 472
#2  __pthread_cond_wait (cond=0x55a943f7e110, mutex=0x55a943f7e0e8) at pthread_cond_wait.c:638
#3  0x00007fe2090c062b in  () at /usr/lib/x86_64-linux-gnu/dri/radeonsi_dri.so
#4  0x00007fe2090c023b in  () at /usr/lib/x86_64-linux-gnu/dri/radeonsi_dri.so
#5  0x00007fe22e59d609 in start_thread (arg=<optimized out>) at pthread_create.c:477
        ret = <optimized out>
        pd = <optimized out>
        unwind_buf = {cancel_jmp_buf = {{jmp_buf = {140608820524800, 5204489510754195409, 140725583988046, 140725583988047, 140725583988048, 140608820522496, -5188680875830667311, -5188618388093397039}, mask_was_saved = 0}}, priv = {pad = {0x0, 0x0, 0x0, 0x0}, data = {prev = 0x0, cleanup = 0x0, canceltype = 0}}}
        not_first_call = 0
#6  0x00007fe22ddce293 in clone () at ../sysdeps/unix/sysv/linux/x86_64/clone.S:95

Thread 8 (Thread 0x7fe20b7d4700 (LWP 9165)):
#0  futex_abstimed_wait_cancelable (private=0, abstime=0x0, clockid=0, expected=0, futex_word=0x55a93d4439a0) at ../sysdeps/nptl/futex-internal.h:320
        __ret = -512
        op = 393
        __ret = <optimized out>
        oldtype = 0
        err = <optimized out>
#1  do_futex_wait (sem=sem@entry=0x55a93d4439a0, abstime=0x0, clockid=0) at sem_waitcommon.c:112
#2  0x00007fe22e5a74e8 in __new_sem_wait_slow (sem=0x55a93d4439a0, abstime=0x0, clockid=0) at sem_waitcommon.c:184
        _buffer = {__routine = 0x7fe22e5a73a0 <__sem_wait_cleanup>, __arg = 0x55a93d4439a0, __canceltype = 0, __prev = 0x0}
        err = <optimized out>
        d = 0
#3  0x00007fe228b5bfe9 in  () at /lib/x86_64-linux-gnu/libopenal.so.1
#4  0x00007fe228b212dd in  () at /lib/x86_64-linux-gnu/libopenal.so.1
#5  0x00007fe228b5bb57 in  () at /lib/x86_64-linux-gnu/libopenal.so.1
#6  0x00007fe22e59d609 in start_thread (arg=<optimized out>) at pthread_create.c:477
        ret = <optimized out>
        pd = <optimized out>
        unwind_buf = {cancel_jmp_buf = {{jmp_buf = {140608832096000, 5204489510754195409, 140725583992254, 140725583992255, 140725583992400, 140608832093696, -5188681851325114415, -5188618388093397039}, mask_was_saved = 0}}, priv = {pad = {0x0, 0x0, 0x0, 0x0}, data = {prev = 0x0, cleanup = 0x0, canceltype = 0}}}
        not_first_call = 0
#7  0x00007fe22ddce293 in clone () at ../sysdeps/unix/sysv/linux/x86_64/clone.S:95

Thread 7 (Thread 0x7fe228231700 (LWP 9164)):
#0  futex_wait_cancelable (private=<optimized out>, expected=0, futex_word=0x55a93d7e4d78) at ../sysdeps/nptl/futex-internal.h:183
        __ret = -512
        oldtype = 0
        err = <optimized out>
        spin = 0
        buffer = {__routine = 0x7fe22e5a4050 <__condvar_cleanup_waiting>, __arg = 0x7fe228230c60, __canceltype = 8192, __prev = 0x0}
        cbuffer = {wseq = 548, cond = 0x55a93d7e4d50, mutex = 0x55a93d7d97a0, private = 0}
        err = <optimized out>
        g = 0
        flags = <optimized out>
        g1_start = <optimized out>
        signals = <optimized out>
        result = 0
        wseq = 548
        seq = 274
#1  __pthread_cond_wait_common (abstime=0x0, clockid=0, mutex=0x55a93d7d97a0, cond=0x55a93d7e4d50) at pthread_cond_wait.c:508
        spin = 0
        buffer = {__routine = 0x7fe22e5a4050 <__condvar_cleanup_waiting>, __arg = 0x7fe228230c60, __canceltype = 8192, __prev = 0x0}
        cbuffer = {wseq = 548, cond = 0x55a93d7e4d50, mutex = 0x55a93d7d97a0, private = 0}
        err = <optimized out>
        g = 0
        flags = <optimized out>
        g1_start = <optimized out>
        signals = <optimized out>
        result = 0
        wseq = 548
        seq = 274
#2  __pthread_cond_wait (cond=0x55a93d7e4d50, mutex=0x55a93d7d97a0) at pthread_cond_wait.c:638
#3  0x00007fe22db8987c in pa_threaded_mainloop_wait () at /lib/x86_64-linux-gnu/libpulse.so.0
#4  0x00007fe228b55496 in  () at /lib/x86_64-linux-gnu/libopenal.so.1
#5  0x00007fe228b5bb57 in  () at /lib/x86_64-linux-gnu/libopenal.so.1
#6  0x00007fe22e59d609 in start_thread (arg=<optimized out>) at pthread_create.c:477
        ret = <optimized out>
        pd = <optimized out>
        unwind_buf = {cancel_jmp_buf = {{jmp_buf = {140609312724736, 5204489510754195409, 140725583992062, 140725583992063, 140725583992208, 140609312722432, -5188604284752619567, -5188618388093397039}, mask_was_saved = 0}}, priv = {pad = {0x0, 0x0, 0x0, 0x0}, data = {prev = 0x0, cleanup = 0x0, canceltype = 0}}}
        not_first_call = 0
#7  0x00007fe22ddce293 in clone () at ../sysdeps/unix/sysv/linux/x86_64/clone.S:95

Thread 6 (Thread 0x7fe228a32700 (LWP 9163)):
#0  0x00007fe22ddc1aff in __GI___poll (fds=0x7fe204002a40, nfds=3, timeout=1421) at ../sysdeps/unix/sysv/linux/poll.c:29
        resultvar = 18446744073709551100
        sc_cancel_oldtype = 0
#1  0x00007fe22db891d6 in  () at /lib/x86_64-linux-gnu/libpulse.so.0
#2  0x00007fe22db7a841 in pa_mainloop_poll () at /lib/x86_64-linux-gnu/libpulse.so.0
#3  0x00007fe22db7aec3 in pa_mainloop_iterate () at /lib/x86_64-linux-gnu/libpulse.so.0
#4  0x00007fe22db7af70 in pa_mainloop_run () at /lib/x86_64-linux-gnu/libpulse.so.0
#5  0x00007fe22db8911d in  () at /lib/x86_64-linux-gnu/libpulse.so.0
#6  0x00007fe22d6ff67c in  () at /usr/lib/x86_64-linux-gnu/pulseaudio/libpulsecommon-13.99.so
#7  0x00007fe22e59d609 in start_thread (arg=<optimized out>) at pthread_create.c:477
        ret = <optimized out>
        pd = <optimized out>
        unwind_buf = {cancel_jmp_buf = {{jmp_buf = {140609321117440, 5204489510754195409, 140725583992126, 140725583992127, 140725583992128, 140609321115136, -5188605384801118255, -5188618388093397039}, mask_was_saved = 0}}, priv = {pad = {0x0, 0x0, 0x0, 0x0}, data = {prev = 0x0, cleanup = 0x0, canceltype = 0}}}
        not_first_call = 0
#8  0x00007fe22ddce293 in clone () at ../sysdeps/unix/sysv/linux/x86_64/clone.S:95

Thread 5 (Thread 0x7fe22948b700 (LWP 9160)):
#0  0x00007fe22ddc1aff in __GI___poll (fds=0x7fe220007170, nfds=3, timeout=-1) at ../sysdeps/unix/sysv/linux/poll.c:29
        resultvar = 18446744073709551100
        sc_cancel_oldtype = 0
#1  0x00007fe22db891d6 in  () at /lib/x86_64-linux-gnu/libpulse.so.0
#2  0x00007fe22db7a841 in pa_mainloop_poll () at /lib/x86_64-linux-gnu/libpulse.so.0
#3  0x00007fe22db7aec3 in pa_mainloop_iterate () at /lib/x86_64-linux-gnu/libpulse.so.0
#4  0x00007fe22db7af70 in pa_mainloop_run () at /lib/x86_64-linux-gnu/libpulse.so.0
#5  0x00007fe22db8911d in  () at /lib/x86_64-linux-gnu/libpulse.so.0
#6  0x00007fe22d6ff67c in  () at /usr/lib/x86_64-linux-gnu/pulseaudio/libpulsecommon-13.99.so
#7  0x00007fe22e59d609 in start_thread (arg=<optimized out>) at pthread_create.c:477
        ret = <optimized out>
        pd = <optimized out>
        unwind_buf = {cancel_jmp_buf = {{jmp_buf = {140609331967744, 5204489510754195409, 140725583990830, 140725583990831, 140725583990832, 140609331965440, -5188607242911344687, -5188618388093397039}, mask_was_saved = 0}}, priv = {pad = {0x0, 0x0, 0x0, 0x0}, data = {prev = 0x0, cleanup = 0x0, canceltype = 0}}}
        not_first_call = 0
#8  0x00007fe22ddce293 in clone () at ../sysdeps/unix/sysv/linux/x86_64/clone.S:95

Thread 4 (Thread 0x7fe22a0da700 (LWP 9156)):
#0  0x00007fe22ddc1aff in __GI___poll (fds=0x55a93ccc9f40, nfds=2, timeout=-1) at ../sysdeps/unix/sysv/linux/poll.c:29
        resultvar = 18446744073709551100
        sc_cancel_oldtype = 0
#1  0x00007fe22b5961ae in  () at /lib/x86_64-linux-gnu/libglib-2.0.so.0
#2  0x00007fe22b596533 in g_main_loop_run () at /lib/x86_64-linux-gnu/libglib-2.0.so.0
#3  0x00007fe22b862eda in  () at /lib/x86_64-linux-gnu/libgio-2.0.so.0
#4  0x00007fe22b5bf931 in  () at /lib/x86_64-linux-gnu/libglib-2.0.so.0
#5  0x00007fe22e59d609 in start_thread (arg=<optimized out>) at pthread_create.c:477
        ret = <optimized out>
        pd = <optimized out>
        unwind_buf = {cancel_jmp_buf = {{jmp_buf = {140609344874240, 5204489510754195409, 140725583988078, 140725583988079, 140725583988224, 140609344871936, -5188608868019595311, -5188618388093397039}, mask_was_saved = 0}}, priv = {pad = {0x0, 0x0, 0x0, 0x0}, data = {prev = 0x0, cleanup = 0x0, canceltype = 0}}}
        not_first_call = 0
#6  0x00007fe22ddce293 in clone () at ../sysdeps/unix/sysv/linux/x86_64/clone.S:95

Thread 3 (Thread 0x7fe22a8db700 (LWP 9155)):
#0  0x00007fe22ddc1aff in __GI___poll (fds=0x55a93ccc8590, nfds=1, timeout=-1) at ../sysdeps/unix/sysv/linux/poll.c:29
        resultvar = 18446744073709551100
        sc_cancel_oldtype = 0
#1  0x00007fe22b5961ae in  () at /lib/x86_64-linux-gnu/libglib-2.0.so.0
#2  0x00007fe22b5962e3 in g_main_context_iteration () at /lib/x86_64-linux-gnu/libglib-2.0.so.0
#3  0x00007fe22b596331 in  () at /lib/x86_64-linux-gnu/libglib-2.0.so.0
#4  0x00007fe22b5bf931 in  () at /lib/x86_64-linux-gnu/libglib-2.0.so.0
#5  0x00007fe22e59d609 in start_thread (arg=<optimized out>) at pthread_create.c:477
        ret = <optimized out>
        pd = <optimized out>
        unwind_buf = {cancel_jmp_buf = {{jmp_buf = {140609353266944, 5204489510754195409, 140725583987646, 140725583987647, 140725583987792, 140609353264640, -5188609965920610351, -5188618388093397039}, mask_was_saved = 0}}, priv = {pad = {0x0, 0x0, 0x0, 0x0}, data = {prev = 0x0, cleanup = 0x0, canceltype = 0}}}
        not_first_call = 0
#6  0x00007fe22ddce293 in clone () at ../sysdeps/unix/sysv/linux/x86_64/clone.S:95

Thread 2 (Thread 0x7fe22cd73700 (LWP 9154)):
#0  futex_wait_cancelable (private=<optimized out>, expected=0, futex_word=0x55a93bbbc1c4 <renderPool+260>) at ../sysdeps/nptl/futex-internal.h:183
        __ret = -512
        oldtype = 0
        err = <optimized out>
        spin = 0
        buffer = {__routine = 0x7fe22e5a4050 <__condvar_cleanup_waiting>, __arg = 0x7fe22cd72c40, __canceltype = 752299104, __prev = 0x0}
        cbuffer = {wseq = 251, cond = 0x55a93bbbc198 <renderPool+216>, mutex = 0x55a93bbbc170 <renderPool+176>, private = 0}
        err = <optimized out>
        g = 1
        flags = <optimized out>
        g1_start = <optimized out>
        signals = <optimized out>
        result = 0
        wseq = 251
        seq = 125
#1  __pthread_cond_wait_common (abstime=0x0, clockid=0, mutex=0x55a93bbbc170 <renderPool+176>, cond=0x55a93bbbc198 <renderPool+216>) at pthread_cond_wait.c:508
        spin = 0
        buffer = {__routine = 0x7fe22e5a4050 <__condvar_cleanup_waiting>, __arg = 0x7fe22cd72c40, __canceltype = 752299104, __prev = 0x0}
        cbuffer = {wseq = 251, cond = 0x55a93bbbc198 <renderPool+216>, mutex = 0x55a93bbbc170 <renderPool+176>, private = 0}
        err = <optimized out>
        g = 1
        flags = <optimized out>
        g1_start = <optimized out>
        signals = <optimized out>
        result = 0
        wseq = 251
        seq = 125
#2  __pthread_cond_wait (cond=0x55a93bbbc198 <renderPool+216>, mutex=0x55a93bbbc170 <renderPool+176>) at pthread_cond_wait.c:638
#3  0x000055a93b59a05c in std::condition_variable::wait(std::unique_lock<std::mutex>&) ()
#4  0x000055a93aef5d6b in ctpl::thread_pool::set_thread(int)::{lambda()#1}::operator()() const ()
#5  0x000055a93b6081c0 in  ()
#6  0x00007fe22e59d609 in start_thread (arg=<optimized out>) at pthread_create.c:477
        ret = <optimized out>
        pd = <optimized out>
        unwind_buf = {cancel_jmp_buf = {{jmp_buf = {140609391638272, 5204489510754195409, 140725583997246, 140725583997247, 140725583997248, 140609391635968, -5188615106996463663, -5188618388093397039}, mask_was_saved = 0}}, priv = {pad = {0x0, 0x0, 0x0, 0x0}, data = {prev = 0x0, cleanup = 0x0, canceltype = 0}}}
        not_first_call = 0
#7  0x00007fe22ddce293 in clone () at ../sysdeps/unix/sysv/linux/x86_64/clone.S:95
[Inferior 1 (process 9153) detached]
